[ 2016-12-12T09:44:42+08:00 ] 127.0.0.1 /bbs01/bbs/index.php?s=/Home/Index/index/
INFO: [ app_init ] --START--
INFO: Run Behavior\BuildLiteBehavior [ RunTime:0.000030s ]
INFO: [ app_init ] --END-- [ RunTime:0.000963s ]
INFO: [ app_begin ] --START--
INFO: Run Behavior\ReadHtmlCacheBehavior [ RunTime:0.026104s ]
INFO: [ app_begin ] --END-- [ RunTime:0.026287s ]
INFO: [ view_parse ] --START--
INFO: [ template_filter ] --START--
INFO: Run Behavior\ContentReplaceBehavior [ RunTime:0.000199s ]
INFO: [ template_filter ] --END-- [ RunTime:0.000518s ]
NOTIC: [8] Undefined variable: username C:\wamp\www\bbs01\bbs\Application\Runtime\Cache\Home\2a94b8bda04ff446dcedd42276fc99ee.php 第 57 行.
NOTIC: [8] Undefined variable: time C:\wamp\www\bbs01\bbs\Application\Runtime\Cache\Home\2a94b8bda04ff446dcedd42276fc99ee.php 第 58 行.
NOTIC: [8] Undefined variable: time C:\wamp\www\bbs01\bbs\Application\Runtime\Cache\Home\2a94b8bda04ff446dcedd42276fc99ee.php 第 60 行.
NOTIC: [8] Undefined variable: username C:\wamp\www\bbs01\bbs\Application\Runtime\Cache\Home\2a94b8bda04ff446dcedd42276fc99ee.php 第 61 行.
INFO: Run Behavior\ParseTemplateBehavior [ RunTime:0.072342s ]
INFO: [ view_parse ] --END-- [ RunTime:0.072610s ]
INFO: [ view_filter ] --START--
INFO: Run Behavior\WriteHtmlCacheBehavior [ RunTime:0.012049s ]
INFO: [ view_filter ] --END-- [ RunTime:0.012287s ]
INFO: [ app_end ] --START--
INFO: Run Behavior\ShowPageTraceBehavior [ RunTime:0.026367s ]
INFO: [ app_end ] --END-- [ RunTime:0.026540s ]

